c:\users\lian9\documents\visual studio 2017\projects\proyectocompiladores\compilador\x64\debug\compilador.pch
c:\users\lian9\documents\visual studio 2017\projects\proyectocompiladores\compilador\x64\debug\vc141.pdb
c:\users\lian9\documents\visual studio 2017\projects\proyectocompiladores\compilador\x64\debug\stdafx.obj
c:\users\lian9\documents\visual studio 2017\projects\proyectocompiladores\compilador\x64\debug\tokens.obj
c:\users\lian9\documents\visual studio 2017\projects\proyectocompiladores\compilador\x64\debug\tabsym.obj
c:\users\lian9\documents\visual studio 2017\projects\proyectocompiladores\compilador\x64\debug\localnode.obj
c:\users\lian9\documents\visual studio 2017\projects\proyectocompiladores\compilador\x64\debug\lexico.obj
c:\users\lian9\documents\visual studio 2017\projects\proyectocompiladores\compilador\x64\debug\globalnode.obj
c:\users\lian9\documents\visual studio 2017\projects\proyectocompiladores\compilador\x64\debug\errormodule.obj
c:\users\lian9\documents\visual studio 2017\projects\proyectocompiladores\compilador\x64\debug\compilador.obj
c:\users\lian9\documents\visual studio 2017\projects\proyectocompiladores\compilador\x64\debug\assemblyinfo.obj
c:\users\lian9\documents\visual studio 2017\projects\proyectocompiladores\compilador\x64\debug\.netframework,version=v4.5.2.assemblyattributes.obj
c:\users\lian9\documents\visual studio 2017\projects\proyectocompiladores\compilador\x64\debug\.netframework,version=v4.5.2.assemblyattributes.asm
c:\users\lian9\documents\visual studio 2017\projects\proyectocompiladores\x64\debug\compilador.dll
c:\users\lian9\documents\visual studio 2017\projects\proyectocompiladores\x64\debug\compilador.pdb
c:\users\lian9\documents\visual studio 2017\projects\proyectocompiladores\compilador\x64\debug\app.res
c:\users\lian9\documents\visual studio 2017\projects\proyectocompiladores\compilador\x64\debug\compilador.tlog\cl.command.1.tlog
c:\users\lian9\documents\visual studio 2017\projects\proyectocompiladores\compilador\x64\debug\compilador.tlog\cl.read.1.tlog
c:\users\lian9\documents\visual studio 2017\projects\proyectocompiladores\compilador\x64\debug\compilador.tlog\cl.write.1.tlog
c:\users\lian9\documents\visual studio 2017\projects\proyectocompiladores\compilador\x64\debug\compilador.tlog\link.command.1.tlog
c:\users\lian9\documents\visual studio 2017\projects\proyectocompiladores\compilador\x64\debug\compilador.tlog\link.read.1.tlog
c:\users\lian9\documents\visual studio 2017\projects\proyectocompiladores\compilador\x64\debug\compilador.tlog\link.write.1.tlog
c:\users\lian9\documents\visual studio 2017\projects\proyectocompiladores\compilador\x64\debug\compilador.tlog\metagen.read.1.tlog
c:\users\lian9\documents\visual studio 2017\projects\proyectocompiladores\compilador\x64\debug\compilador.tlog\metagen.write.1.tlog
c:\users\lian9\documents\visual studio 2017\projects\proyectocompiladores\compilador\x64\debug\compilador.tlog\rc.command.1.tlog
c:\users\lian9\documents\visual studio 2017\projects\proyectocompiladores\compilador\x64\debug\compilador.tlog\rc.read.1.tlog
c:\users\lian9\documents\visual studio 2017\projects\proyectocompiladores\compilador\x64\debug\compilador.tlog\rc.write.1.tlog
